<?xml version="1.0" encoding="UTF-8"?>
<testng-results skipped="0" failed="0" ignored="0" total="1" passed="1">
  <reporter-output>
  </reporter-output>
  <suite name="All Test Suite" duration-ms="17637" started-at="2019-10-23T06:30:51Z" finished-at="2019-10-23T06:31:08Z">
    <groups>
    </groups>
    <test name="D:/test4ld" duration-ms="17637" started-at="2019-10-23T06:30:51Z" finished-at="2019-10-23T06:31:08Z">
      <class name="drivertest1">
        <test-method status="PASS" signature="beforeMethod()[pri:0, instance:drivertest1@66480dd7]" name="beforeMethod" is-config="true" duration-ms="10632" started-at="2019-10-23T06:30:51Z" finished-at="2019-10-23T06:31:01Z">
          <reporter-output>
          </reporter-output>
        </test-method> <!-- beforeMethod -->
        <test-method status="PASS" signature="test_case3()[pri:0, instance:drivertest1@66480dd7]" name="test_case3" duration-ms="6319" started-at="2019-10-23T06:31:01Z" finished-at="2019-10-23T06:31:08Z">
          <reporter-output>
          </reporter-output>
        </test-method> <!-- test_case3 -->
        <test-method status="PASS" signature="afterMethod()[pri:0, instance:drivertest1@66480dd7]" name="afterMethod" is-config="true" duration-ms="670" started-at="2019-10-23T06:31:08Z" finished-at="2019-10-23T06:31:08Z">
          <reporter-output>
          </reporter-output>
        </test-method> <!-- afterMethod -->
      </class> <!-- drivertest1 -->
    </test> <!-- D:/test4ld -->
  </suite> <!-- All Test Suite -->
</testng-results>
